# JRE version: OpenJDK Runtime Environment Temurin-17.0.9+9 (17.0.9+9) (build 17.0.9+9)
# Java VM: OpenJDK 64-Bit Server VM Temurin-17.0.9+9 (17.0.9+9, mixed mode, emulated-client, tiered, compressed oops, compressed class ptrs, g1 gc, windows-amd64)
GC Precious Log:
 CPUs: 12 total, 12 available
 Memory: 5989M
 Large Page Support: Disabled
 NUMA Support: Disabled
 Compressed Oops: Enabled (32-bit)
 Heap Region Size: 1M
 Heap Min Capacity: 8M
 Heap Initial Capacity: 94M
 Heap Max Capacity: 1498M
 Pre-touch: Disabled
 Parallel Workers: 10
 Concurrent Workers: 3
 Concurrent Refinement Workers: 10
 Periodic GC: Disabled
Heap:
 garbage-first heap   total 65536K, used 29731K [0x00000000a2600000, 0x0000000100000000)
  region size 1024K, 7 young (7168K), 2 survivors (2048K)
 Metaspace       used 67562K, committed 68032K, reserved 1114112K
  class space    used 9171K, committed 9408K, reserved 1048576K
GC Heap History (20 events):
Event: 1.748 GC heap before
{Heap before GC invocations=4 (full 0):
 garbage-first heap   total 37888K, used 28579K [0x00000000a2600000, 0x0000000100000000)
  region size 1024K, 21 young (21504K), 2 survivors (2048K)
 Metaspace       used 25150K, committed 25472K, reserved 1114112K
  class space    used 3113K, committed 3264K, reserved 1048576K
}
Event: 1.751 GC heap after
{Heap after GC invocations=5 (full 0):
 garbage-first heap   total 37888K, used 11130K [0x00000000a2600000, 0x0000000100000000)
  region size 1024K, 3 young (3072K), 3 survivors (3072K)
 Metaspace       used 25150K, committed 25472K, reserved 1114112K
  class space    used 3113K, committed 3264K, reserved 1048576K
}
Event: 1.761 GC heap before
{Heap before GC invocations=5 (full 0):
 garbage-first heap   total 37888K, used 11130K [0x00000000a2600000, 0x0000000100000000)
  region size 1024K, 4 young (4096K), 3 survivors (3072K)
 Metaspace       used 25353K, committed 25664K, reserved 1114112K
  class space    used 3125K, committed 3264K, reserved 1048576K
}
Event: 1.766 GC heap after
{Heap after GC invocations=6 (full 0):
 garbage-first heap   total 37888K, used 11377K [0x00000000a2600000, 0x0000000100000000)
  region size 1024K, 1 young (1024K), 1 survivors (1024K)
 Metaspace       used 25353K, committed 25664K, reserved 1114112K
  class space    used 3125K, committed 3264K, reserved 1048576K
}
Event: 1.967 GC heap before
{Heap before GC invocations=6 (full 0):
 garbage-first heap   total 37888K, used 25713K [0x00000000a2600000, 0x0000000100000000)
  region size 1024K, 16 young (16384K), 1 survivors (1024K)
 Metaspace       used 28170K, committed 28480K, reserved 1114112K
  class space    used 3436K, committed 3584K, reserved 1048576K
}
Event: 1.969 GC heap after
{Heap after GC invocations=7 (full 0):
 garbage-first heap   total 75776K, used 12317K [0x00000000a2600000, 0x0000000100000000)
  region size 1024K, 2 young (2048K), 2 survivors (2048K)
 Metaspace       used 28170K, committed 28480K, reserved 1114112K
  class space    used 3436K, committed 3584K, reserved 1048576K
}
Event: 2.631 GC heap before
{Heap before GC invocations=7 (full 0):
 garbage-first heap   total 75776K, used 49181K [0x00000000a2600000, 0x0000000100000000)
  region size 1024K, 39 young (39936K), 2 survivors (2048K)
 Metaspace       used 31796K, committed 32128K, reserved 1114112K
  class space    used 3954K, committed 4096K, reserved 1048576K
}
Event: 2.634 GC heap after
{Heap after GC invocations=8 (full 0):
 garbage-first heap   total 75776K, used 15583K [0x00000000a2600000, 0x0000000100000000)
  region size 1024K, 5 young (5120K), 5 survivors (5120K)
 Metaspace       used 31796K, committed 32128K, reserved 1114112K
  class space    used 3954K, committed 4096K, reserved 1048576K
}
Event: 3.321 GC heap before
{Heap before GC invocations=8 (full 0):
 garbage-first heap   total 75776K, used 46303K [0x00000000a2600000, 0x0000000100000000)
  region size 1024K, 36 young (36864K), 5 survivors (5120K)
 Metaspace       used 35627K, committed 35968K, reserved 1114112K
  class space    used 4507K, committed 4672K, reserved 1048576K
}
Event: 3.324 GC heap after
{Heap after GC invocations=9 (full 0):
 garbage-first heap   total 75776K, used 17445K [0x00000000a2600000, 0x0000000100000000)
  region size 1024K, 3 young (3072K), 3 survivors (3072K)
 Metaspace       used 35627K, committed 35968K, reserved 1114112K
  class space    used 4507K, committed 4672K, reserved 1048576K
}
Event: 4.002 GC heap before
{Heap before GC invocations=10 (full 0):
 garbage-first heap   total 65536K, used 53285K [0x00000000a2600000, 0x0000000100000000)
  region size 1024K, 39 young (39936K), 3 survivors (3072K)
 Metaspace       used 40701K, committed 41152K, reserved 1114112K
  class space    used 5251K, committed 5504K, reserved 1048576K
}
Event: 4.007 GC heap after
{Heap after GC invocations=11 (full 0):
 garbage-first heap   total 65536K, used 20304K [0x00000000a2600000, 0x0000000100000000)
  region size 1024K, 5 young (5120K), 5 survivors (5120K)
 Metaspace       used 40701K, committed 41152K, reserved 1114112K
  class space    used 5251K, committed 5504K, reserved 1048576K
}
Event: 4.700 GC heap before
{Heap before GC invocations=11 (full 0):
 garbage-first heap   total 65536K, used 48976K [0x00000000a2600000, 0x0000000100000000)
  region size 1024K, 33 young (33792K), 5 survivors (5120K)
 Metaspace       used 46433K, committed 46912K, reserved 1114112K
  class space    used 6142K, committed 6336K, reserved 1048576K
}
Event: 4.704 GC heap after
{Heap after GC invocations=12 (full 0):
 garbage-first heap   total 65536K, used 21921K [0x00000000a2600000, 0x0000000100000000)
  region size 1024K, 2 young (2048K), 2 survivors (2048K)
 Metaspace       used 46433K, committed 46912K, reserved 1114112K
  class space    used 6142K, committed 6336K, reserved 1048576K
}
Event: 5.720 GC heap before
{Heap before GC invocations=12 (full 0):
 garbage-first heap   total 65536K, used 48545K [0x00000000a2600000, 0x0000000100000000)
  region size 1024K, 29 young (29696K), 2 survivors (2048K)
 Metaspace       used 55871K, committed 56320K, reserved 1114112K
  class space    used 7341K, committed 7552K, reserved 1048576K
}
Event: 5.724 GC heap after
{Heap after GC invocations=13 (full 0):
 garbage-first heap   total 65536K, used 24657K [0x00000000a2600000, 0x0000000100000000)
  region size 1024K, 4 young (4096K), 4 survivors (4096K)
 Metaspace       used 55871K, committed 56320K, reserved 1114112K
  class space    used 7341K, committed 7552K, reserved 1048576K
}
Event: 6.052 GC heap before
{Heap before GC invocations=13 (full 0):
 garbage-first heap   total 65536K, used 43089K [0x00000000a2600000, 0x0000000100000000)
  region size 1024K, 24 young (24576K), 4 survivors (4096K)
 Metaspace       used 59687K, committed 60096K, reserved 1114112K
  class space    used 7812K, committed 8000K, reserved 1048576K
}
Event: 6.056 GC heap after
{Heap after GC invocations=14 (full 0):
 garbage-first heap   total 65536K, used 26201K [0x00000000a2600000, 0x0000000100000000)
  region size 1024K, 2 young (2048K), 2 survivors (2048K)
 Metaspace       used 59687K, committed 60096K, reserved 1114112K
  class space    used 7812K, committed 8000K, reserved 1048576K
}
Event: 6.706 GC heap before
{Heap before GC invocations=15 (full 0):
 garbage-first heap   total 65536K, used 49753K [0x00000000a2600000, 0x0000000100000000)
  region size 1024K, 26 young (26624K), 2 survivors (2048K)
 Metaspace       used 66238K, committed 66752K, reserved 1114112K
  class space    used 8980K, committed 9216K, reserved 1048576K
}
Event: 6.708 GC heap after
{Heap after GC invocations=16 (full 0):
 garbage-first heap   total 65536K, used 26659K [0x00000000a2600000, 0x0000000100000000)
  region size 1024K, 2 young (2048K), 2 survivors (2048K)
 Metaspace       used 66238K, committed 66752K, reserved 1114112K
  class space    used 8980K, committed 9216K, reserved 1048576K
}

